<?xml version="1.0" encoding="UTF-8"?>
<testsuite name="camera_tests.TestCamera-20220429235321" tests="7" file="camera_tests.py" time="2.311" timestamp="2022-04-29T23:53:26" failures="1" errors="0" skipped="0">
	<testcase classname="camera_tests.TestCamera" name="test_camera" time="2.092" timestamp="2022-04-29T23:53:26"/>
	<testcase classname="camera_tests.TestCamera" name="test_get_suggestion" time="0.003" timestamp="2022-04-29T23:53:26"/>
	<testcase classname="camera_tests.TestCamera" name="test_predict_image" time="0.002" timestamp="2022-04-29T23:53:26"/>
	<testcase classname="camera_tests.TestCamera" name="test_translation" time="0.199" timestamp="2022-04-29T23:53:26"/>
	<testcase classname="camera_tests.TestCamera" name="test_validation_epoch_end" time="0.003" timestamp="2022-04-29T23:53:26"/>
	<testcase classname="camera_tests.TestCamera" name="test_validation_step" time="0.003" timestamp="2022-04-29T23:53:26"/>
	<testcase classname="camera_tests.TestCamera" name="test_epoch_end" time="0.009" timestamp="2022-04-29T23:53:26">
		<failure type="AssertionError" message="'d' != 'c'
- d
+ c
"><![CDATA[Traceback (most recent call last):
  File "/usr/lib/python3.9/unittest/case.py", line 59, in testPartExecutor
    yield
  File "/usr/lib/python3.9/unittest/case.py", line 593, in run
    self._callTestMethod(testMethod)
  File "/usr/lib/python3.9/unittest/case.py", line 550, in _callTestMethod
    method()
  File "/home/luka/Desktop/Assignment_6/src/unittest/python/camera_tests.py", line 37, in test_epoch_end
    self.assertEqual(expected, hit)
  File "/usr/lib/python3.9/unittest/case.py", line 831, in assertEqual
    assertion_func(first, second, msg=msg)
  File "/usr/lib/python3.9/unittest/case.py", line 1211, in assertMultiLineEqual
    self.fail(self._formatMessage(msg, standardMsg))
  File "/usr/lib/python3.9/unittest/case.py", line 670, in fail
    raise self.failureException(msg)
AssertionError: 'd' != 'c'
- d
+ c

]]></failure>
	</testcase>
</testsuite>
