<?xml version="1.0" encoding="UTF-8"?>
<testsuite name="camera_tests.TestCamera-20220429233624" tests="7" file="camera_tests.py" time="11.680" timestamp="2022-04-29T23:36:39" failures="0" errors="4" skipped="0">
	<testcase classname="camera_tests.TestCamera" name="test_camera" time="3.528" timestamp="2022-04-29T23:36:30"/>
	<testcase classname="camera_tests.TestCamera" name="test_predict_image" time="1.305" timestamp="2022-04-29T23:36:34"/>
	<testcase classname="camera_tests.TestCamera" name="test_translation" time="1.495" timestamp="2022-04-29T23:36:36"/>
	<testcase classname="camera_tests.TestCamera" name="test_epoch_end" time="1.353" timestamp="2022-04-29T23:36:32">
		<error type="NameError" message="name 'validation_epoch_end' is not defined"><![CDATA[Traceback (most recent call last):
  File "/usr/lib/python3.9/unittest/case.py", line 59, in testPartExecutor
    yield
  File "/usr/lib/python3.9/unittest/case.py", line 593, in run
    self._callTestMethod(testMethod)
  File "/usr/lib/python3.9/unittest/case.py", line 550, in _callTestMethod
    method()
  File "/home/luka/Desktop/Assignment_6/src/unittest/python/camera_tests.py", line 41, in test_epoch_end
    hit = validation_epoch_end()
NameError: name 'validation_epoch_end' is not defined
]]></error>
	</testcase>
	<testcase classname="camera_tests.TestCamera" name="test_get_suggestion" time="1.371" timestamp="2022-04-29T23:36:33">
		<error type="TypeError" message="test_get_suggestion() takes 0 positional arguments but 1 was given"><![CDATA[Traceback (most recent call last):
  File "/usr/lib/python3.9/unittest/case.py", line 59, in testPartExecutor
    yield
  File "/usr/lib/python3.9/unittest/case.py", line 593, in run
    self._callTestMethod(testMethod)
  File "/usr/lib/python3.9/unittest/case.py", line 550, in _callTestMethod
    method()
TypeError: test_get_suggestion() takes 0 positional arguments but 1 was given
]]></error>
	</testcase>
	<testcase classname="camera_tests.TestCamera" name="test_validation_epoch_end" time="1.325" timestamp="2022-04-29T23:36:37">
		<error type="TypeError" message="test_validation_epoch_end() takes 0 positional arguments but 1 was given"><![CDATA[Traceback (most recent call last):
  File "/usr/lib/python3.9/unittest/case.py", line 59, in testPartExecutor
    yield
  File "/usr/lib/python3.9/unittest/case.py", line 593, in run
    self._callTestMethod(testMethod)
  File "/usr/lib/python3.9/unittest/case.py", line 550, in _callTestMethod
    method()
TypeError: test_validation_epoch_end() takes 0 positional arguments but 1 was given
]]></error>
	</testcase>
	<testcase classname="camera_tests.TestCamera" name="test_validation_step" time="1.303" timestamp="2022-04-29T23:36:39">
		<error type="TypeError" message="test_validation_step() takes 0 positional arguments but 1 was given"><![CDATA[Traceback (most recent call last):
  File "/usr/lib/python3.9/unittest/case.py", line 59, in testPartExecutor
    yield
  File "/usr/lib/python3.9/unittest/case.py", line 593, in run
    self._callTestMethod(testMethod)
  File "/usr/lib/python3.9/unittest/case.py", line 550, in _callTestMethod
    method()
TypeError: test_validation_step() takes 0 positional arguments but 1 was given
]]></error>
	</testcase>
</testsuite>
