<?xml version="1.0" encoding="UTF-8"?>
<testsuite name="camera_tests.TestCamera-20220429163048" tests="7" file="camera_tests.py" time="9.513" timestamp="2022-04-29T16:31:00" failures="0" errors="4" skipped="0">
	<testcase classname="camera_tests.TestCamera" name="test_epoch_end" time="1.362" timestamp="2022-04-29T16:30:53"/>
	<testcase classname="camera_tests.TestCamera" name="test_validation_epoch_end" time="1.318" timestamp="2022-04-29T16:30:58"/>
	<testcase classname="camera_tests.TestCamera" name="test_validation_step" time="1.318" timestamp="2022-04-29T16:31:00"/>
	<testcase classname="camera_tests.TestCamera" name="test_camera" time="1.491" timestamp="2022-04-29T16:30:52">
		<error type="AttributeError" message="'TestCamera' object has no attribute 'detection'"><![CDATA[Traceback (most recent call last):
  File "/usr/lib/python3.9/unittest/case.py", line 59, in testPartExecutor
    yield
  File "/usr/lib/python3.9/unittest/case.py", line 593, in run
    self._callTestMethod(testMethod)
  File "/usr/lib/python3.9/unittest/case.py", line 550, in _callTestMethod
    method()
  File "/home/luka/Desktop/Assignment_6/src/unittest/python/camera_tests.py", line 25, in test_camera
    hit = self.detection()
AttributeError: 'TestCamera' object has no attribute 'detection'
]]></error>
	</testcase>
	<testcase classname="camera_tests.TestCamera" name="test_get_suggestion" time="1.321" timestamp="2022-04-29T16:30:54">
		<error type="AttributeError" message="'TestCamera' object has no attribute 'get_suggestion'"><![CDATA[Traceback (most recent call last):
  File "/usr/lib/python3.9/unittest/case.py", line 59, in testPartExecutor
    yield
  File "/usr/lib/python3.9/unittest/case.py", line 593, in run
    self._callTestMethod(testMethod)
  File "/usr/lib/python3.9/unittest/case.py", line 550, in _callTestMethod
    method()
  File "/home/luka/Desktop/Assignment_6/src/unittest/python/camera_tests.py", line 44, in test_get_suggestion
    self.assertEqual(expected, self.get_suggestion())
AttributeError: 'TestCamera' object has no attribute 'get_suggestion'
]]></error>
	</testcase>
	<testcase classname="camera_tests.TestCamera" name="test_predict_image" time="1.319" timestamp="2022-04-29T16:30:56">
		<error type="AttributeError" message="'TestCamera' object has no attribute 'predict_image'"><![CDATA[Traceback (most recent call last):
  File "/usr/lib/python3.9/unittest/case.py", line 59, in testPartExecutor
    yield
  File "/usr/lib/python3.9/unittest/case.py", line 593, in run
    self._callTestMethod(testMethod)
  File "/usr/lib/python3.9/unittest/case.py", line 550, in _callTestMethod
    method()
  File "/home/luka/Desktop/Assignment_6/src/unittest/python/camera_tests.py", line 54, in test_predict_image
    hit = self.predict_image()
AttributeError: 'TestCamera' object has no attribute 'predict_image'
]]></error>
	</testcase>
	<testcase classname="camera_tests.TestCamera" name="test_translation" time="1.384" timestamp="2022-04-29T16:30:57">
		<error type="AttributeError" message="'TestCamera' object has no attribute 'translation'"><![CDATA[Traceback (most recent call last):
  File "/usr/lib/python3.9/unittest/case.py", line 59, in testPartExecutor
    yield
  File "/usr/lib/python3.9/unittest/case.py", line 593, in run
    self._callTestMethod(testMethod)
  File "/usr/lib/python3.9/unittest/case.py", line 550, in _callTestMethod
    method()
  File "/home/luka/Desktop/Assignment_6/src/unittest/python/camera_tests.py", line 31, in test_translation
    hit = self.translation()
AttributeError: 'TestCamera' object has no attribute 'translation'
]]></error>
	</testcase>
</testsuite>
